[debug] [2023-12-12T13:30:00.753Z] ----------------------------------------------------------------------
[debug] [2023-12-12T13:30:00.755Z] Command:       C:\Program Files\nodejs\node.exe C:\Users\diak\AppData\Roaming\npm\node_modules\firebase-tools\lib\bin\firebase.js init
[debug] [2023-12-12T13:30:00.756Z] CLI Version:   12.4.8
[debug] [2023-12-12T13:30:00.756Z] Platform:      win32
[debug] [2023-12-12T13:30:00.756Z] Node Version:  v18.17.1
[debug] [2023-12-12T13:30:00.757Z] Time:          Tue Dec 12 2023 14:30:00 GMT+0100 (közép-európai téli idő)
[debug] [2023-12-12T13:30:00.757Z] ----------------------------------------------------------------------
[debug] 
[debug] [2023-12-12T13:30:00.760Z] >>> [apiv2][query] GET https://firebase-public.firebaseio.com/cli.json [none]
[debug] [2023-12-12T13:30:00.802Z] > command requires scopes: ["email","openid","https://www.googleapis.com/auth/cloudplatformprojects.readonly","https://www.googleapis.com/auth/firebase","https://www.googleapis.com/auth/cloud-platform"]
[debug] [2023-12-12T13:30:00.802Z] > authorizing via signed-in user (andoattila698@gmail.com)
[info] 
     ######## #### ########  ######## ########     ###     ######  ########
     ##        ##  ##     ## ##       ##     ##  ##   ##  ##       ##
     ######    ##  ########  ######   ########  #########  ######  ######
     ##        ##  ##    ##  ##       ##     ## ##     ##       ## ##
     ##       #### ##     ## ######## ########  ##     ##  ######  ########

You're about to initialize a Firebase project in this directory:

  C:\Users\diak\Desktop\2023.12.12\AlkalmazottNyilvantarto

[debug] [2023-12-12T13:30:01.102Z] <<< [apiv2][status] GET https://firebase-public.firebaseio.com/cli.json 200
[debug] [2023-12-12T13:30:01.103Z] <<< [apiv2][body] GET https://firebase-public.firebaseio.com/cli.json {"cloudBuildErrorAfter":1594252800000,"cloudBuildWarnAfter":1590019200000,"defaultNode10After":1594252800000,"minVersion":"3.0.5","node8DeploysDisabledAfter":1613390400000,"node8RuntimeDisabledAfter":1615809600000,"node8WarnAfter":1600128000000}
[info] 
=== Project Setup
[info] 
[info] First, let's associate this project directory with a Firebase project.
[info] You can create multiple project aliases by running firebase use --add, 
[info] but for now we'll just set up a default project.
[info] 
[debug] [2023-12-12T13:30:20.562Z] > refreshing access token with scopes: []
[debug] [2023-12-12T13:30:20.563Z] >>> [apiv2][query] POST https://www.googleapis.com/oauth2/v3/token [none]
[debug] [2023-12-12T13:30:20.563Z] >>> [apiv2][body] POST https://www.googleapis.com/oauth2/v3/token [omitted]
[debug] [2023-12-12T13:30:20.688Z] <<< [apiv2][status] POST https://www.googleapis.com/oauth2/v3/token 200
[debug] [2023-12-12T13:30:20.688Z] <<< [apiv2][body] POST https://www.googleapis.com/oauth2/v3/token [omitted]
[debug] [2023-12-12T13:30:20.695Z] >>> [apiv2][query] GET https://firebase.googleapis.com/v1beta1/projects pageSize=100
[debug] [2023-12-12T13:30:21.201Z] <<< [apiv2][status] GET https://firebase.googleapis.com/v1beta1/projects 200
[debug] [2023-12-12T13:30:21.201Z] <<< [apiv2][body] GET https://firebase.googleapis.com/v1beta1/projects [omitted]
[info] i  Using project alkalmazottnyilvantarto (alkalmazottnyilvantarto) 
[info] 
=== Database Setup
[info] i  database: ensuring required API firebasedatabase.googleapis.com is enabled... 
[debug] [2023-12-12T13:30:25.132Z] >>> [apiv2][query] GET https://serviceusage.googleapis.com/v1/projects/alkalmazottnyilvantarto/services/firebasedatabase.googleapis.com [none]
[debug] [2023-12-12T13:30:25.132Z] >>> [apiv2][(partial)header] GET https://serviceusage.googleapis.com/v1/projects/alkalmazottnyilvantarto/services/firebasedatabase.googleapis.com x-goog-quota-user=projects/alkalmazottnyilvantarto
[debug] [2023-12-12T13:30:26.125Z] <<< [apiv2][status] GET https://serviceusage.googleapis.com/v1/projects/alkalmazottnyilvantarto/services/firebasedatabase.googleapis.com 200
[debug] [2023-12-12T13:30:26.125Z] <<< [apiv2][body] GET https://serviceusage.googleapis.com/v1/projects/alkalmazottnyilvantarto/services/firebasedatabase.googleapis.com [omitted]
[info] +  database: required API firebasedatabase.googleapis.com is enabled 
[info] 
[debug] [2023-12-12T13:30:26.126Z] >>> [apiv2][query] GET https://firebasedatabase.googleapis.com/v1beta/projects/alkalmazottnyilvantarto/locations/-/instances/alkalmazottnyilvantarto-default-rtdb [none]
[debug] [2023-12-12T13:30:27.084Z] <<< [apiv2][status] GET https://firebasedatabase.googleapis.com/v1beta/projects/alkalmazottnyilvantarto/locations/-/instances/alkalmazottnyilvantarto-default-rtdb 200
[debug] [2023-12-12T13:30:27.084Z] <<< [apiv2][body] GET https://firebasedatabase.googleapis.com/v1beta/projects/alkalmazottnyilvantarto/locations/-/instances/alkalmazottnyilvantarto-default-rtdb {"name":"projects/823185025593/locations/europe-west1/instances/alkalmazottnyilvantarto-default-rtdb","project":"projects/823185025593","databaseUrl":"https://alkalmazottnyilvantarto-default-rtdb.europe-west1.firebasedatabase.app","type":"DEFAULT_DATABASE","state":"ACTIVE"}
[info] 
[info] Firebase Realtime Database Security Rules allow you to define how your data should be
[info] structured and when your data can be read from and written to.
[info] 
[debug] [2023-12-12T13:30:30.234Z] >>> [apiv2][query] GET https://alkalmazottnyilvantarto-default-rtdb.europe-west1.firebasedatabase.app/.settings/rules.json [none]
[debug] [2023-12-12T13:30:30.683Z] <<< [apiv2][status] GET https://alkalmazottnyilvantarto-default-rtdb.europe-west1.firebasedatabase.app/.settings/rules.json 200
[debug] [2023-12-12T13:30:30.684Z] <<< [apiv2][body] GET https://alkalmazottnyilvantarto-default-rtdb.europe-west1.firebasedatabase.app/.settings/rules.json [stream]
[info] +  Database Rules for alkalmazottnyilvantarto-default-rtdb have been written to database.rules.json. 
[info] Future modifications to database.rules.json will update Realtime Database Security Rules when you run
[info] firebase deploy.
[info] 
=== Functions Setup
[debug] [2023-12-12T13:30:30.690Z] > command requires scopes: ["email","openid","https://www.googleapis.com/auth/cloudplatformprojects.readonly","https://www.googleapis.com/auth/firebase","https://www.googleapis.com/auth/cloud-platform"]
[debug] [2023-12-12T13:30:30.691Z] > authorizing via signed-in user (andoattila698@gmail.com)
[debug] [2023-12-12T13:30:30.691Z] [iam] checking project alkalmazottnyilvantarto for permissions ["firebase.projects.get"]
[debug] [2023-12-12T13:30:30.691Z] >>> [apiv2][query] POST https://cloudresourcemanager.googleapis.com/v1/projects/alkalmazottnyilvantarto:testIamPermissions [none]
[debug] [2023-12-12T13:30:30.691Z] >>> [apiv2][(partial)header] POST https://cloudresourcemanager.googleapis.com/v1/projects/alkalmazottnyilvantarto:testIamPermissions x-goog-quota-user=projects/alkalmazottnyilvantarto
[debug] [2023-12-12T13:30:30.691Z] >>> [apiv2][body] POST https://cloudresourcemanager.googleapis.com/v1/projects/alkalmazottnyilvantarto:testIamPermissions {"permissions":["firebase.projects.get"]}
[debug] [2023-12-12T13:30:31.468Z] <<< [apiv2][status] POST https://cloudresourcemanager.googleapis.com/v1/projects/alkalmazottnyilvantarto:testIamPermissions 200
[debug] [2023-12-12T13:30:31.469Z] <<< [apiv2][body] POST https://cloudresourcemanager.googleapis.com/v1/projects/alkalmazottnyilvantarto:testIamPermissions {"permissions":["firebase.projects.get"]}
[debug] [2023-12-12T13:30:31.469Z] >>> [apiv2][query] GET https://serviceusage.googleapis.com/v1/projects/alkalmazottnyilvantarto/services/cloudfunctions.googleapis.com [none]
[debug] [2023-12-12T13:30:31.469Z] >>> [apiv2][(partial)header] GET https://serviceusage.googleapis.com/v1/projects/alkalmazottnyilvantarto/services/cloudfunctions.googleapis.com x-goog-quota-user=projects/alkalmazottnyilvantarto
[debug] [2023-12-12T13:30:31.471Z] >>> [apiv2][query] GET https://serviceusage.googleapis.com/v1/projects/alkalmazottnyilvantarto/services/runtimeconfig.googleapis.com [none]
[debug] [2023-12-12T13:30:31.472Z] >>> [apiv2][(partial)header] GET https://serviceusage.googleapis.com/v1/projects/alkalmazottnyilvantarto/services/runtimeconfig.googleapis.com x-goog-quota-user=projects/alkalmazottnyilvantarto
[debug] [2023-12-12T13:30:32.385Z] <<< [apiv2][status] GET https://serviceusage.googleapis.com/v1/projects/alkalmazottnyilvantarto/services/runtimeconfig.googleapis.com 200
[debug] [2023-12-12T13:30:32.386Z] <<< [apiv2][body] GET https://serviceusage.googleapis.com/v1/projects/alkalmazottnyilvantarto/services/runtimeconfig.googleapis.com [omitted]
[debug] [2023-12-12T13:30:32.411Z] <<< [apiv2][status] GET https://serviceusage.googleapis.com/v1/projects/alkalmazottnyilvantarto/services/cloudfunctions.googleapis.com 200
[debug] [2023-12-12T13:30:32.411Z] <<< [apiv2][body] GET https://serviceusage.googleapis.com/v1/projects/alkalmazottnyilvantarto/services/cloudfunctions.googleapis.com [omitted]
[debug] [2023-12-12T13:30:32.411Z] >>> [apiv2][query] POST https://serviceusage.googleapis.com/v1/projects/alkalmazottnyilvantarto/services/cloudfunctions.googleapis.com:enable [none]
[debug] [2023-12-12T13:30:32.411Z] >>> [apiv2][(partial)header] POST https://serviceusage.googleapis.com/v1/projects/alkalmazottnyilvantarto/services/cloudfunctions.googleapis.com:enable x-goog-quota-user=projects/alkalmazottnyilvantarto
[debug] [2023-12-12T13:30:33.989Z] <<< [apiv2][status] POST https://serviceusage.googleapis.com/v1/projects/alkalmazottnyilvantarto/services/cloudfunctions.googleapis.com:enable 200
[debug] [2023-12-12T13:30:33.990Z] <<< [apiv2][body] POST https://serviceusage.googleapis.com/v1/projects/alkalmazottnyilvantarto/services/cloudfunctions.googleapis.com:enable [omitted]
[debug] [2023-12-12T13:30:43.992Z] >>> [apiv2][query] GET https://serviceusage.googleapis.com/v1/projects/alkalmazottnyilvantarto/services/cloudfunctions.googleapis.com [none]
[debug] [2023-12-12T13:30:43.992Z] >>> [apiv2][(partial)header] GET https://serviceusage.googleapis.com/v1/projects/alkalmazottnyilvantarto/services/cloudfunctions.googleapis.com x-goog-quota-user=projects/alkalmazottnyilvantarto
[debug] [2023-12-12T13:30:44.916Z] <<< [apiv2][status] GET https://serviceusage.googleapis.com/v1/projects/alkalmazottnyilvantarto/services/cloudfunctions.googleapis.com 200
[debug] [2023-12-12T13:30:44.917Z] <<< [apiv2][body] GET https://serviceusage.googleapis.com/v1/projects/alkalmazottnyilvantarto/services/cloudfunctions.googleapis.com [omitted]
[info] Let's create a new codebase for your functions.
[info] A directory corresponding to the codebase will be created in your project
[info] with sample code pre-configured.

[info] See https://firebase.google.com/docs/functions/organize-functions for
[info] more information on organizing your functions using codebases.

[info] Functions can be deployed with firebase deploy.

[info] +  Wrote functions/package.json 
[info] +  Wrote functions/index.js 
[info] +  Wrote functions/.gitignore 
[info] 
=== Hosting Setup
[info] 
[info] Your public directory is the folder (relative to your project directory) that
[info] will contain Hosting assets to be uploaded with firebase deploy. If you
[info] have a build process for your assets, use your build's output directory.
[info] 
[debug] [2023-12-12T13:31:24.683Z] >>> [apiv2][query] GET https://www.gstatic.com/firebasejs/releases.json [none]
[debug] [2023-12-12T13:31:24.752Z] <<< [apiv2][status] GET https://www.gstatic.com/firebasejs/releases.json 200
[debug] [2023-12-12T13:31:24.752Z] <<< [apiv2][body] GET https://www.gstatic.com/firebasejs/releases.json {"current":{"version":"10.7.1","browserURL":"https://www.gstatic.com/firebasejs/10.7.1/firebase.js","packageURL":"https://www.gstatic.com/firebasejs/10.7.1/firebase.tgz"},"live":{"version":"10.7","browserURL":"https://www.gstatic.com/firebasejs/live/10.7/firebase.js","packageURL":"https://www.gstatic.com/firebasejs/live/10.7/firebase.tgz"},"components":{"analytics":"https://www.gstatic.com/firebasejs/10.7.1/firebase-analytics.js","app":"https://www.gstatic.com/firebasejs/10.7.1/firebase-app.js","app-check":"https://www.gstatic.com/firebasejs/10.7.1/firebase-app-check.js","auth":"https://www.gstatic.com/firebasejs/10.7.1/firebase-auth.js","auth/cordova":"https://www.gstatic.com/firebasejs/10.7.1/firebase-auth/cordova.js","functions":"https://www.gstatic.com/firebasejs/10.7.1/firebase-functions.js","firestore":"https://www.gstatic.com/firebasejs/10.7.1/firebase-firestore.js","firestore/lite":"https://www.gstatic.com/firebasejs/10.7.1/firebase-firestore/lite.js","installations":"https://www.gstatic.com/firebasejs/10.7.1/firebase-installations.js","storage":"https://www.gstatic.com/firebasejs/10.7.1/firebase-storage.js","performance":"https://www.gstatic.com/firebasejs/10.7.1/firebase-performance.js","remote-config":"https://www.gstatic.com/firebasejs/10.7.1/firebase-remote-config.js","messaging":"https://www.gstatic.com/firebasejs/10.7.1/firebase-messaging.js","messaging/sw":"https://www.gstatic.com/firebasejs/10.7.1/firebase-messaging/sw.js","database":"https://www.gstatic.com/firebasejs/10.7.1/firebase-database.js","firestore.memory":"https://www.gstatic.com/firebasejs/10.7.1/firebase-firestore.memory.js"}}
[info] +  Wrote public/index.html 
[info] 
[info] i  Detected a .git folder at C:\Users\diak\Desktop\2023.12.12\AlkalmazottNyilvantarto 
[info] i  Authorizing with GitHub to upload your service account to a GitHub repository's secrets store. 
[info] 
[info] Visit this URL on this device to log in:
[info] https://github.com/login/oauth/authorize?client_id=89cf50f02ac6aaed3484&state=558290212&redirect_uri=http%3A%2F%2Flocalhost%3A9005&scope=read%3Auser%20repo%20public_repo
[info] 
[info] Waiting for authentication...
